# JRE version: Java(TM) SE Runtime Environment (18.0.1.1+2) (build 18.0.1.1+2-6)
# Java VM: Java HotSpot(TM) 64-Bit Server VM (18.0.1.1+2-6, mixed mode, emulated-client, sharing, tiered, compressed oops, compressed class ptrs, g1 gc, windows-amd64)
GC Precious Log:
 CardTable entry size: 512
 Card Set container configuration: InlinePtr #cards 5 size 8 Array Of Cards #cards 12 size 40 Howl #buckets 4 coarsen threshold 1843 Howl Bitmap #cards 512 size 80 coarsen threshold 460 Card regions per heap region 1 cards per card region 2048
 CPUs: 2 total, 2 available
 Memory: 1954M
 Large Page Support: Disabled
 NUMA Support: Disabled
 Compressed Oops: Enabled (32-bit)
 Heap Region Size: 1M
 Heap Min Capacity: 8M
 Heap Initial Capacity: 32M
 Heap Max Capacity: 490M
 Pre-touch: Disabled
 Parallel Workers: 2
 Concurrent Workers: 1
 Concurrent Refinement Workers: 2
 Periodic GC: Disabled
Heap:
 garbage-first heap   total 32768K, used 10514K [0x00000000e1600000, 0x0000000100000000)
  region size 1024K, 1 young (1024K), 1 survivors (1024K)
 Metaspace       used 21232K, committed 21504K, reserved 1114112K
  class space    used 2835K, committed 2944K, reserved 1048576K
GC Heap History (17 events):
Event: 3.098 GC heap before
{Heap before GC invocations=0 (full 0):
 garbage-first heap   total 32768K, used 5120K [0x00000000e1600000, 0x0000000100000000)
  region size 1024K, 6 young (6144K), 0 survivors (0K)
 Metaspace       used 2353K, committed 2496K, reserved 1114112K
  class space    used 271K, committed 320K, reserved 1048576K
}
Event: 3.114 GC heap after
{Heap after GC invocations=1 (full 0):
 garbage-first heap   total 32768K, used 3071K [0x00000000e1600000, 0x0000000100000000)
  region size 1024K, 1 young (1024K), 1 survivors (1024K)
 Metaspace       used 2353K, committed 2496K, reserved 1114112K
  class space    used 271K, committed 320K, reserved 1048576K
}
Event: 4.409 GC heap before
{Heap before GC invocations=1 (full 0):
 garbage-first heap   total 32768K, used 6143K [0x00000000e1600000, 0x0000000100000000)
  region size 1024K, 4 young (4096K), 1 survivors (1024K)
 Metaspace       used 4783K, committed 4992K, reserved 1114112K
  class space    used 559K, committed 640K, reserved 1048576K
}
Event: 4.420 GC heap after
{Heap after GC invocations=2 (full 0):
 garbage-first heap   total 32768K, used 3939K [0x00000000e1600000, 0x0000000100000000)
  region size 1024K, 1 young (1024K), 1 survivors (1024K)
 Metaspace       used 4783K, committed 4992K, reserved 1114112K
  class space    used 559K, committed 640K, reserved 1048576K
}
Event: 5.390 GC heap before
{Heap before GC invocations=2 (full 0):
 garbage-first heap   total 32768K, used 10083K [0x00000000e1600000, 0x0000000100000000)
  region size 1024K, 8 young (8192K), 1 survivors (1024K)
 Metaspace       used 6843K, committed 7040K, reserved 1114112K
  class space    used 831K, committed 896K, reserved 1048576K
}
Event: 5.401 GC heap after
{Heap after GC invocations=3 (full 0):
 garbage-first heap   total 32768K, used 5010K [0x00000000e1600000, 0x0000000100000000)
  region size 1024K, 1 young (1024K), 1 survivors (1024K)
 Metaspace       used 6843K, committed 7040K, reserved 1114112K
  class space    used 831K, committed 896K, reserved 1048576K
}
Event: 6.902 GC heap before
{Heap before GC invocations=3 (full 0):
 garbage-first heap   total 32768K, used 14226K [0x00000000e1600000, 0x0000000100000000)
  region size 1024K, 11 young (11264K), 1 survivors (1024K)
 Metaspace       used 9279K, committed 9536K, reserved 1114112K
  class space    used 1224K, committed 1344K, reserved 1048576K
}
Event: 6.914 GC heap after
{Heap after GC invocations=4 (full 0):
 garbage-first heap   total 32768K, used 5976K [0x00000000e1600000, 0x0000000100000000)
  region size 1024K, 2 young (2048K), 2 survivors (2048K)
 Metaspace       used 9279K, committed 9536K, reserved 1114112K
  class space    used 1224K, committed 1344K, reserved 1048576K
}
Event: 8.073 GC heap before
{Heap before GC invocations=4 (full 0):
 garbage-first heap   total 32768K, used 18264K [0x00000000e1600000, 0x0000000100000000)
  region size 1024K, 15 young (15360K), 2 survivors (2048K)
 Metaspace       used 12956K, committed 13248K, reserved 1114112K
  class space    used 1649K, committed 1792K, reserved 1048576K
}
Event: 8.095 GC heap after
{Heap after GC invocations=5 (full 0):
 garbage-first heap   total 32768K, used 6519K [0x00000000e1600000, 0x0000000100000000)
  region size 1024K, 2 young (2048K), 2 survivors (2048K)
 Metaspace       used 12956K, committed 13248K, reserved 1114112K
  class space    used 1649K, committed 1792K, reserved 1048576K
}
Event: 9.364 GC heap before
{Heap before GC invocations=5 (full 0):
 garbage-first heap   total 32768K, used 19831K [0x00000000e1600000, 0x0000000100000000)
  region size 1024K, 16 young (16384K), 2 survivors (2048K)
 Metaspace       used 16250K, committed 16448K, reserved 1114112K
  class space    used 2107K, committed 2176K, reserved 1048576K
}
Event: 9.380 GC heap after
{Heap after GC invocations=6 (full 0):
 garbage-first heap   total 32768K, used 7613K [0x00000000e1600000, 0x0000000100000000)
  region size 1024K, 2 young (2048K), 2 survivors (2048K)
 Metaspace       used 16250K, committed 16448K, reserved 1114112K
  class space    used 2107K, committed 2176K, reserved 1048576K
}
Event: 10.810 GC heap before
{Heap before GC invocations=6 (full 0):
 garbage-first heap   total 32768K, used 21949K [0x00000000e1600000, 0x0000000100000000)
  region size 1024K, 16 young (16384K), 2 survivors (2048K)
 Metaspace       used 17717K, committed 17984K, reserved 1114112K
  class space    used 2311K, committed 2432K, reserved 1048576K
}
Event: 10.822 GC heap after
{Heap after GC invocations=7 (full 0):
 garbage-first heap   total 32768K, used 8520K [0x00000000e1600000, 0x0000000100000000)
  region size 1024K, 2 young (2048K), 2 survivors (2048K)
 Metaspace       used 17717K, committed 17984K, reserved 1114112K
  class space    used 2311K, committed 2432K, reserved 1048576K
}
Event: 12.294 GC heap before
{Heap before GC invocations=7 (full 0):
 garbage-first heap   total 32768K, used 22856K [0x00000000e1600000, 0x0000000100000000)
  region size 1024K, 16 young (16384K), 2 survivors (2048K)
 Metaspace       used 20414K, committed 20736K, reserved 1114112K
  class space    used 2732K, committed 2880K, reserved 1048576K
}
Event: 12.313 GC heap after
{Heap after GC invocations=8 (full 0):
 garbage-first heap   total 32768K, used 9941K [0x00000000e1600000, 0x0000000100000000)
  region size 1024K, 2 young (2048K), 2 survivors (2048K)
 Metaspace       used 20414K, committed 20736K, reserved 1114112K
  class space    used 2732K, committed 2880K, reserved 1048576K
}
Event: 12.626 GC heap before
{Heap before GC invocations=8 (full 0):
 garbage-first heap   total 32768K, used 13013K [0x00000000e1600000, 0x0000000100000000)
  region size 1024K, 6 young (6144K), 2 survivors (2048K)
 Metaspace       used 21232K, committed 21504K, reserved 1114112K
  class space    used 2835K, committed 2944K, reserved 1048576K
}

