# JRE version: Java(TM) SE Runtime Environment (18.0.1.1+2) (build 18.0.1.1+2-6)
# Java VM: Java HotSpot(TM) 64-Bit Server VM (18.0.1.1+2-6, mixed mode, emulated-client, sharing, tiered, compressed oops, compressed class ptrs, g1 gc, windows-amd64)
GC Precious Log:
 CardTable entry size: 512
 Card Set container configuration: InlinePtr #cards 5 size 8 Array Of Cards #cards 12 size 40 Howl #buckets 4 coarsen threshold 1843 Howl Bitmap #cards 512 size 80 coarsen threshold 460 Card regions per heap region 1 cards per card region 2048
 CPUs: 2 total, 2 available
 Memory: 1954M
 Large Page Support: Disabled
 NUMA Support: Disabled
 Compressed Oops: Enabled (32-bit)
 Heap Region Size: 1M
 Heap Min Capacity: 8M
 Heap Initial Capacity: 32M
 Heap Max Capacity: 490M
 Pre-touch: Disabled
 Parallel Workers: 2
 Concurrent Workers: 1
 Concurrent Refinement Workers: 2
 Periodic GC: Disabled
Heap:
 garbage-first heap   total 32768K, used 8360K [0x00000000e1600000, 0x0000000100000000)
  region size 1024K, 2 young (2048K), 2 survivors (2048K)
 Metaspace       used 17478K, committed 17664K, reserved 1114112K
  class space    used 2282K, committed 2368K, reserved 1048576K
GC Heap History (13 events):
Event: 2.831 GC heap before
{Heap before GC invocations=0 (full 0):
 garbage-first heap   total 32768K, used 5120K [0x00000000e1600000, 0x0000000100000000)
  region size 1024K, 6 young (6144K), 0 survivors (0K)
 Metaspace       used 2474K, committed 2688K, reserved 1114112K
  class space    used 288K, committed 384K, reserved 1048576K
}
Event: 2.847 GC heap after
{Heap after GC invocations=1 (full 0):
 garbage-first heap   total 32768K, used 3072K [0x00000000e1600000, 0x0000000100000000)
  region size 1024K, 1 young (1024K), 1 survivors (1024K)
 Metaspace       used 2474K, committed 2688K, reserved 1114112K
  class space    used 288K, committed 384K, reserved 1048576K
}
Event: 3.692 GC heap before
{Heap before GC invocations=1 (full 0):
 garbage-first heap   total 32768K, used 5120K [0x00000000e1600000, 0x0000000100000000)
  region size 1024K, 4 young (4096K), 1 survivors (1024K)
 Metaspace       used 4799K, committed 4992K, reserved 1114112K
  class space    used 562K, committed 640K, reserved 1048576K
}
Event: 3.703 GC heap after
{Heap after GC invocations=2 (full 0):
 garbage-first heap   total 32768K, used 3923K [0x00000000e1600000, 0x0000000100000000)
  region size 1024K, 1 young (1024K), 1 survivors (1024K)
 Metaspace       used 4799K, committed 4992K, reserved 1114112K
  class space    used 562K, committed 640K, reserved 1048576K
}
Event: 4.704 GC heap before
{Heap before GC invocations=2 (full 0):
 garbage-first heap   total 32768K, used 11091K [0x00000000e1600000, 0x0000000100000000)
  region size 1024K, 8 young (8192K), 1 survivors (1024K)
 Metaspace       used 6887K, committed 7104K, reserved 1114112K
  class space    used 836K, committed 960K, reserved 1048576K
}
Event: 4.715 GC heap after
{Heap after GC invocations=3 (full 0):
 garbage-first heap   total 32768K, used 4871K [0x00000000e1600000, 0x0000000100000000)
  region size 1024K, 1 young (1024K), 1 survivors (1024K)
 Metaspace       used 6887K, committed 7104K, reserved 1114112K
  class space    used 836K, committed 960K, reserved 1048576K
}
Event: 5.930 GC heap before
{Heap before GC invocations=3 (full 0):
 garbage-first heap   total 32768K, used 13063K [0x00000000e1600000, 0x0000000100000000)
  region size 1024K, 10 young (10240K), 1 survivors (1024K)
 Metaspace       used 9073K, committed 9280K, reserved 1114112K
  class space    used 1185K, committed 1280K, reserved 1048576K
}
Event: 5.943 GC heap after
{Heap after GC invocations=4 (full 0):
 garbage-first heap   total 32768K, used 5846K [0x00000000e1600000, 0x0000000100000000)
  region size 1024K, 2 young (2048K), 2 survivors (2048K)
 Metaspace       used 9073K, committed 9280K, reserved 1114112K
  class space    used 1185K, committed 1280K, reserved 1048576K
}
Event: 7.730 GC heap before
{Heap before GC invocations=4 (full 0):
 garbage-first heap   total 32768K, used 19158K [0x00000000e1600000, 0x0000000100000000)
  region size 1024K, 15 young (15360K), 2 survivors (2048K)
 Metaspace       used 12565K, committed 12864K, reserved 1114112K
  class space    used 1633K, committed 1792K, reserved 1048576K
}
Event: 7.745 GC heap after
{Heap after GC invocations=5 (full 0):
 garbage-first heap   total 32768K, used 6565K [0x00000000e1600000, 0x0000000100000000)
  region size 1024K, 2 young (2048K), 2 survivors (2048K)
 Metaspace       used 12565K, committed 12864K, reserved 1114112K
  class space    used 1633K, committed 1792K, reserved 1048576K
}
Event: 8.730 GC heap before
{Heap before GC invocations=5 (full 0):
 garbage-first heap   total 32768K, used 20901K [0x00000000e1600000, 0x0000000100000000)
  region size 1024K, 16 young (16384K), 2 survivors (2048K)
 Metaspace       used 16142K, committed 16384K, reserved 1114112K
  class space    used 2090K, committed 2176K, reserved 1048576K
}
Event: 8.744 GC heap after
{Heap after GC invocations=6 (full 0):
 garbage-first heap   total 32768K, used 7481K [0x00000000e1600000, 0x0000000100000000)
  region size 1024K, 2 young (2048K), 2 survivors (2048K)
 Metaspace       used 16142K, committed 16384K, reserved 1114112K
  class space    used 2090K, committed 2176K, reserved 1048576K
}
Event: 10.033 GC heap before
{Heap before GC invocations=6 (full 0):
 garbage-first heap   total 32768K, used 20793K [0x00000000e1600000, 0x0000000100000000)
  region size 1024K, 16 young (16384K), 2 survivors (2048K)
 Metaspace       used 17478K, committed 17664K, reserved 1114112K
  class space    used 2282K, committed 2368K, reserved 1048576K
}

