# JRE version: Java(TM) SE Runtime Environment (18.0.1.1+2) (build 18.0.1.1+2-6)
# Java VM: Java HotSpot(TM) 64-Bit Server VM (18.0.1.1+2-6, mixed mode, emulated-client, sharing, tiered, compressed oops, compressed class ptrs, g1 gc, windows-amd64)
GC Precious Log:
 CardTable entry size: 512
 Card Set container configuration: InlinePtr #cards 5 size 8 Array Of Cards #cards 12 size 40 Howl #buckets 4 coarsen threshold 1843 Howl Bitmap #cards 512 size 80 coarsen threshold 460 Card regions per heap region 1 cards per card region 2048
 CPUs: 2 total, 2 available
 Memory: 1954M
 Large Page Support: Disabled
 NUMA Support: Disabled
 Compressed Oops: Enabled (32-bit)
 Heap Region Size: 1M
 Heap Min Capacity: 8M
 Heap Initial Capacity: 32M
 Heap Max Capacity: 490M
 Pre-touch: Disabled
 Parallel Workers: 2
 Concurrent Workers: 1
 Concurrent Refinement Workers: 2
 Periodic GC: Disabled
Heap:
 garbage-first heap   total 32768K, used 19954K [0x00000000e1600000, 0x0000000100000000)
  region size 1024K, 16 young (16384K), 2 survivors (2048K)
 Metaspace       used 16227K, committed 16448K, reserved 1114112K
  class space    used 2105K, committed 2176K, reserved 1048576K
GC Heap History (10 events):
Event: 3.013 GC heap before
{Heap before GC invocations=0 (full 0):
 garbage-first heap   total 32768K, used 5120K [0x00000000e1600000, 0x0000000100000000)
  region size 1024K, 6 young (6144K), 0 survivors (0K)
 Metaspace       used 2353K, committed 2496K, reserved 1114112K
  class space    used 271K, committed 320K, reserved 1048576K
}
Event: 3.028 GC heap after
{Heap after GC invocations=1 (full 0):
 garbage-first heap   total 32768K, used 3043K [0x00000000e1600000, 0x0000000100000000)
  region size 1024K, 1 young (1024K), 1 survivors (1024K)
 Metaspace       used 2353K, committed 2496K, reserved 1114112K
  class space    used 271K, committed 320K, reserved 1048576K
}
Event: 4.073 GC heap before
{Heap before GC invocations=1 (full 0):
 garbage-first heap   total 32768K, used 6115K [0x00000000e1600000, 0x0000000100000000)
  region size 1024K, 4 young (4096K), 1 survivors (1024K)
 Metaspace       used 4783K, committed 4992K, reserved 1114112K
  class space    used 559K, committed 640K, reserved 1048576K
}
Event: 4.085 GC heap after
{Heap after GC invocations=2 (full 0):
 garbage-first heap   total 32768K, used 3936K [0x00000000e1600000, 0x0000000100000000)
  region size 1024K, 1 young (1024K), 1 survivors (1024K)
 Metaspace       used 4783K, committed 4992K, reserved 1114112K
  class space    used 559K, committed 640K, reserved 1048576K
}
Event: 5.267 GC heap before
{Heap before GC invocations=2 (full 0):
 garbage-first heap   total 32768K, used 11104K [0x00000000e1600000, 0x0000000100000000)
  region size 1024K, 8 young (8192K), 1 survivors (1024K)
 Metaspace       used 6843K, committed 7040K, reserved 1114112K
  class space    used 831K, committed 896K, reserved 1048576K
}
Event: 5.289 GC heap after
{Heap after GC invocations=3 (full 0):
 garbage-first heap   total 32768K, used 4935K [0x00000000e1600000, 0x0000000100000000)
  region size 1024K, 1 young (1024K), 1 survivors (1024K)
 Metaspace       used 6843K, committed 7040K, reserved 1114112K
  class space    used 831K, committed 896K, reserved 1048576K
}
Event: 7.777 GC heap before
{Heap before GC invocations=3 (full 0):
 garbage-first heap   total 32768K, used 15175K [0x00000000e1600000, 0x0000000100000000)
  region size 1024K, 11 young (11264K), 1 survivors (1024K)
 Metaspace       used 9279K, committed 9536K, reserved 1114112K
  class space    used 1224K, committed 1344K, reserved 1048576K
}
Event: 7.808 GC heap after
{Heap after GC invocations=4 (full 0):
 garbage-first heap   total 32768K, used 5912K [0x00000000e1600000, 0x0000000100000000)
  region size 1024K, 2 young (2048K), 2 survivors (2048K)
 Metaspace       used 9279K, committed 9536K, reserved 1114112K
  class space    used 1224K, committed 1344K, reserved 1048576K
}
Event: 11.657 GC heap before
{Heap before GC invocations=4 (full 0):
 garbage-first heap   total 32768K, used 18200K [0x00000000e1600000, 0x0000000100000000)
  region size 1024K, 15 young (15360K), 2 survivors (2048K)
 Metaspace       used 12815K, committed 13120K, reserved 1114112K
  class space    used 1645K, committed 1792K, reserved 1048576K
}
Event: 11.675 GC heap after
{Heap after GC invocations=5 (full 0):
 garbage-first heap   total 32768K, used 6642K [0x00000000e1600000, 0x0000000100000000)
  region size 1024K, 2 young (2048K), 2 survivors (2048K)
 Metaspace       used 12815K, committed 13120K, reserved 1114112K
  class space    used 1645K, committed 1792K, reserved 1048576K
}

